Removed Pin From Net: NetName=VDD3V3 Pin=C3-1
Removed Pin From Net: NetName=GND Pin=C3-2
Removed Pin From Net: NetName=VDD3V3 Pin=C4-1
Removed Pin From Net: NetName=GND Pin=C4-2
Removed Pin From Net: NetName=VDDUSB Pin=C5-1
Removed Pin From Net: NetName=GND Pin=C5-2
Removed Pin From Net: NetName=VDDUSB Pin=C6-1
Removed Pin From Net: NetName=GND Pin=C6-2
Removed Pin From Net: NetName=RXD0 Pin=R6-2
Removed Pin From Net: NetName=GND Pin=U2-3
Removed Pin From Net: NetName=VDD3V3 Pin=U2-6
Removed Pin From Net: NetName=VDD3V3 Pin=U2-7
Removed Pin From Net: NetName=VDDUSB Pin=U2-8
Removed Pin From Net: NetName=TXD0 Pin=U2-25
Removed Pin From Net: NetName=GND Pin=U2-29
Removed Pin From Net: NetName=NRST Pin=VT1-3
Removed Pin From Net: NetName=GPIO0 Pin=VT2-3
Removed Member From Class: ClassName=03_USB_TO_UART Member=C3
Removed Member From Class: ClassName=03_USB_TO_UART Member=C4
Removed Member From Class: ClassName=03_USB_TO_UART Member=C5
Removed Member From Class: ClassName=03_USB_TO_UART Member=C6
Removed Member From Class: ClassName=03_USB_TO_UART Member=R6
Removed Member From Class: ClassName=03_USB_TO_UART Member=R7
Removed Member From Class: ClassName=03_USB_TO_UART Member=R8
Removed Member From Class: ClassName=03_USB_TO_UART Member=U2
Removed Member From Class: ClassName=03_USB_TO_UART Member=VT1
Removed Member From Class: ClassName=03_USB_TO_UART Member=VT2
Added Room: Name=02_ESP12_CORE
Added Room: Name=03_USB_TO_UART
Added Room: Name=04_POWER
Added Room: Name=05_IO_CONN
Added Room: Name=06_KEY
Added Room: Name=07_ADC
